2013/09/06 11:31:08 [error] [exception.CDbException] exception 'CDbException' with message 'CDbConnection failed to open the DB connection: SQLSTATE[28000] [1045] Access denied for user 'root'@'localhost' (using password: NO)' in /var/www/yii/framework/db/CDbConnection.php:381
Stack trace:
#0 /var/www/yii/framework/db/CDbConnection.php(330): CDbConnection->open()
#1 /var/www/yii/framework/db/CDbConnection.php(308): CDbConnection->setActive(true)
#2 /var/www/yii/framework/base/CModule.php(387): CDbConnection->init()
#3 /var/www/yii/framework/cli/commands/MigrateCommand.php(442): CModule->getComponent('db')
#4 /var/www/yii/framework/cli/commands/MigrateCommand.php(451): MigrateCommand->getDbConnection()
#5 /var/www/yii/framework/cli/commands/MigrateCommand.php(482): MigrateCommand->getMigrationHistory(-1)
#6 /var/www/yii/framework/cli/commands/MigrateCommand.php(84): MigrateCommand->getNewMigrations()
#7 [internal function]: MigrateCommand->actionUp(Array)
#8 /var/www/yii/framework/console/CConsoleCommand.php(172): ReflectionMethod->invokeArgs(Object(MigrateCommand), Array)
#9 /var/www/yii/framework/console/CConsoleCommandRunner.php(67): CConsoleCommand->run(Array)
#10 /var/www/yii/framework/console/CConsoleApplication.php(91): CConsoleCommandRunner->run(Array)
#11 /var/www/yii/framework/base/CApplication.php(169): CConsoleApplication->processRequest()
#12 /var/www/yii/framework/yiic.php(33): CApplication->run()
#13 /var/www/trackstar/protected/yiic.php(7): require_once('/var/www/yii/fr...')
#14 {main}
---
2013/09/06 11:32:18 [error] [system.db.CDbCommand] CDbCommand::fetchAll() failed: SQLSTATE[42S02]: Base table or view not found: 1146 Table 'trackstar.tbl_migration' doesn't exist. The SQL statement executed was: SHOW FULL COLUMNS FROM `tbl_migration`.
2013/09/06 21:11:05 [error] [exception.CHttpException.400] exception 'CHttpException' with message 'Your request is invalid.' in /var/www/yii/framework/web/CController.php:1118
Stack trace:
#0 /var/www/yii/framework/web/filters/CInlineFilter.php(58): CController->filterPostOnly(Object(CFilterChain))
#1 /var/www/yii/framework/web/filters/CFilterChain.php(130): CInlineFilter->filter(Object(CFilterChain))
#2 /var/www/yii/framework/web/filters/CFilter.php(40): CFilterChain->run()
#3 /var/www/yii/framework/web/CController.php(1145): CFilter->filter(Object(CFilterChain))
#4 /var/www/yii/framework/web/filters/CInlineFilter.php(58): CController->filterAccessControl(Object(CFilterChain))
#5 /var/www/yii/framework/web/filters/CFilterChain.php(130): CInlineFilter->filter(Object(CFilterChain))
#6 /var/www/yii/framework/web/CController.php(291): CFilterChain->run()
#7 /var/www/yii/framework/web/CController.php(265): CController->runActionWithFilters(Object(CInlineAction), Array)
#8 /var/www/yii/framework/web/CWebApplication.php(282): CController->run('delete')
#9 /var/www/yii/framework/web/CWebApplication.php(141): CWebApplication->runController('project/delete')
#10 /var/www/yii/framework/base/CApplication.php(169): CWebApplication->processRequest()
#11 /var/www/trackstar/index.php(13): CApplication->run()
#12 {main}
REQUEST_URI=/trackstar/index.php?r=project/delete&id=1
HTTP_REFERER=http://localhost/trackstar/index.php?r=site/login
---
